Running Delta Bingo (sem)
Step 1: Translating constraints
399 syntactically new alarms detected
[13:43:26] INFO [root.<module>:14] Hello!
[13:43:26] INFO [root.<module>:52] Read 47165 clauses
[13:43:26] INFO [root.<module>:83] Bye!
[13:43:27] INFO [root.<module>:14] Hello!
[13:43:28] INFO [root.<module>:52] Read 132410 clauses
[13:43:28] INFO [root.<module>:83] Bye!
Finished translating constraints (2 sec)
Step 2: Merging constraints
[13:43:28] INFO [root.<module>:44] Hello!
[13:43:30] INFO [root.<module>:74] Read 47165 old clauses and 132410 new clauses
[13:43:30] INFO [root.<module>:76] 19553 clauses occur in common between the two sets
[13:43:30] INFO [root.<module>:84] Read 572 old alarms and 819 new alarms: 420 alarms occur in common
[13:43:30] INFO [root.<module>:96] Old clauses cover 62235 tuples: 22966 EDB and 39269 IDB tuples
[13:43:30] INFO [root.<module>:103] New clauses cover 201281 tuples: 91122 EDB and 110159 IDB tuples
[13:43:30] INFO [root.<module>:109] 38340 tuples occur in common: 9127 common EDBs
bingo/mb-eps.py:127: DeprecationWarning: The 'warn' function is deprecated, use 'warning' instead
  logging.warn('Discovered clause {} which violates common clause hypothesis 1'.format(clause))
[13:43:30] WARNING [root.<module>:127] Discovered clause ('Alarm8', frozenset({'DUPath(_G_-ENTRY,compile_program-67506)', 'FX(_G_-ENTRY,compile_program-67506)'}), 'Alarm(_G_-ENTRY,compile_program-67506)') which violates common clause hypothesis 1
[13:43:30] WARNING [root.<module>:127] Discovered clause ('Alarm8', frozenset({'DUPath(_G_-ENTRY,check_final_program-68610)', 'FX(_G_-ENTRY,check_final_program-68610)'}), 'Alarm(_G_-ENTRY,check_final_program-68610)') which violates common clause hypothesis 1
[13:43:30] WARNING [root.<module>:127] Discovered clause ('Alarm8', frozenset({'DUPath(_G_-ENTRY,check_final_program-68607)', 'FX(_G_-ENTRY,check_final_program-68607)'}), 'Alarm(_G_-ENTRY,check_final_program-68607)') which violates common clause hypothesis 1
[13:43:30] WARNING [root.<module>:127] Discovered clause ('Alarm8', frozenset({'DUPath(_G_-ENTRY,compile_program-67700)', 'FX(_G_-ENTRY,compile_program-67700)'}), 'Alarm(_G_-ENTRY,compile_program-67700)') which violates common clause hypothesis 1
bingo/mb-eps.py:136: DeprecationWarning: The 'warn' function is deprecated, use 'warning' instead
  logging.warn('Discovered clause {} which violates common clause hypothesis 2'.format(clause))
[13:43:30] WARNING [root.<module>:136] Discovered clause ('Alarm8', frozenset({'DUPath(_G_-ENTRY,compile_program-67506)', 'FX(_G_-ENTRY,compile_program-67506)'}), 'Alarm(_G_-ENTRY,compile_program-67506)') which violates common clause hypothesis 2
[13:43:30] WARNING [root.<module>:136] Discovered clause ('Alarm8', frozenset({'DUPath(_G_-ENTRY,check_final_program-68610)', 'FX(_G_-ENTRY,check_final_program-68610)'}), 'Alarm(_G_-ENTRY,check_final_program-68610)') which violates common clause hypothesis 2
[13:43:30] WARNING [root.<module>:136] Discovered clause ('Alarm8', frozenset({'DUPath(_G_-ENTRY,check_final_program-68607)', 'FX(_G_-ENTRY,check_final_program-68607)'}), 'Alarm(_G_-ENTRY,check_final_program-68607)') which violates common clause hypothesis 2
[13:43:30] WARNING [root.<module>:136] Discovered clause ('Alarm8', frozenset({'DUPath(_G_-ENTRY,compile_program-67700)', 'FX(_G_-ENTRY,compile_program-67700)'}), 'Alarm(_G_-ENTRY,compile_program-67700)') which violates common clause hypothesis 2
[13:43:35] INFO [root.<module>:203] Printing all EDB tuples to benchmark/sed-4.3/sparrow-out/interval/merged_bnet_0.001/AllEDB.txt
[13:43:35] INFO [root.<module>:248] Bye!
SemAllAlarm.txt contains the same new tuples as SemAllAlarm.txt.ukd. Good-good!
Finished merging constraints (29 sec)
Step 3: Building Bayesian Network
Finished building Bayeisan network (22 sec)
Step 4: Executing Interaction
Interaction completes (2559 sec)
Total alarms    : 819
True alarms     : 1
False alarms    : 818
Last true alarm : 53
AUC: 0.9364303178484107
