Running Delta Bingo (sem)
Step 1: Translating constraints
27 syntactically new alarms detected
[07:46:00] INFO [root.<module>:14] Hello!
[07:46:02] INFO [root.<module>:52] Read 204744 clauses
[07:46:02] INFO [root.<module>:83] Bye!
[07:46:03] INFO [root.<module>:14] Hello!
[07:46:11] INFO [root.<module>:52] Read 648057 clauses
[07:46:13] INFO [root.<module>:83] Bye!
Finished translating constraints (15 sec)
Step 2: Merging constraints
[07:46:15] INFO [root.<module>:44] Hello!
[07:46:25] INFO [root.<module>:74] Read 204744 old clauses and 648057 new clauses
[07:46:25] INFO [root.<module>:76] 56284 clauses occur in common between the two sets
[07:46:25] INFO [root.<module>:84] Read 15 old alarms and 35 new alarms: 8 alarms occur in common
[07:46:25] INFO [root.<module>:96] Old clauses cover 122676 tuples: 42422 EDB and 80254 IDB tuples
[07:46:27] INFO [root.<module>:103] New clauses cover 261610 tuples: 51427 EDB and 210183 IDB tuples
[07:46:27] INFO [root.<module>:109] 82013 tuples occur in common: 24878 common EDBs
[07:46:49] INFO [root.<module>:203] Printing all EDB tuples to benchmark/urjtag-0.8/sparrow-out/taint/merged_bnet_0.001/AllEDB.txt
[07:46:51] INFO [root.<module>:248] Bye!
SemAllAlarm.txt contains the same new tuples as SemAllAlarm.txt.ukd. Good-good!
Finished merging constraints (100 sec)
Step 3: Building Bayesian Network
Finished building Bayeisan network (27 sec)
Step 4: Executing Interaction
Interaction completes (161 sec)
Total alarms    : 35
True alarms     : 6
False alarms    : 29
Last true alarm : 24
AUC: 0.3793103448275862
