Running Delta Bingo (sem)
Step 1: Translating constraints
218 syntactically new alarms detected
[14:33:22] INFO [root.<module>:14] Hello!
[14:33:23] INFO [root.<module>:52] Read 124901 clauses
[14:33:23] INFO [root.<module>:83] Bye!
[14:33:23] INFO [root.<module>:14] Hello!
[14:33:25] INFO [root.<module>:52] Read 168471 clauses
[14:33:25] INFO [root.<module>:83] Bye!
Finished translating constraints (4 sec)
Step 2: Merging constraints
[14:33:26] INFO [root.<module>:44] Hello!
[14:33:29] INFO [root.<module>:74] Read 124901 old clauses and 168471 new clauses
[14:33:29] INFO [root.<module>:76] 70836 clauses occur in common between the two sets
[14:33:29] INFO [root.<module>:84] Read 850 old alarms and 793 new alarms: 575 alarms occur in common
[14:33:29] INFO [root.<module>:96] Old clauses cover 205215 tuples: 115251 EDB and 89964 IDB tuples
[14:33:29] INFO [root.<module>:103] New clauses cover 263414 tuples: 140511 EDB and 122903 IDB tuples
[14:33:29] INFO [root.<module>:109] 120514 tuples occur in common: 46942 common EDBs
bingo/mb-eps.py:127: DeprecationWarning: The 'warn' function is deprecated, use 'warning' instead
  logging.warn('Discovered clause {} which violates common clause hypothesis 1'.format(clause))
[14:33:29] WARNING [root.<module>:127] Discovered clause ('DUPath21', frozenset({'!LoopHead(gethttp-75570)', '!LibCall(gethttp-75570)', '!Assign(gethttp-75570)', '!Assume(gethttp-75570)', 'DUEdge(gethttp-75570,gethttp-75576)', 'DUPath(_G_-ENTRY,gethttp-75570)'}), 'DUPath(_G_-ENTRY,gethttp-75576)') which violates common clause hypothesis 1
[14:33:29] WARNING [root.<module>:127] Discovered clause ('DUPath21', frozenset({'!Assign(gethttp-75525)', '!LoopHead(gethttp-75525)', 'DUEdge(gethttp-75525,gethttp-126486)', 'DUPath(_G_-ENTRY,gethttp-75525)', '!Assume(gethttp-75525)', '!LibCall(gethttp-75525)'}), 'DUPath(_G_-ENTRY,gethttp-126486)') which violates common clause hypothesis 1
[14:33:29] WARNING [root.<module>:127] Discovered clause ('DUPath21', frozenset({'DUEdge(gethttp-75517,gethttp-EXIT)', 'DUPath(_G_-ENTRY,gethttp-75517)', '!Assign(gethttp-75517)', '!LibCall(gethttp-75517)', '!Assume(gethttp-75517)', '!LoopHead(gethttp-75517)'}), 'DUPath(_G_-ENTRY,gethttp-EXIT)') which violates common clause hypothesis 1
[14:33:29] WARNING [root.<module>:127] Discovered clause ('DUPath21', frozenset({'!Assign(gethttp-75744)', '!Assume(gethttp-75744)', '!LoopHead(gethttp-75744)', 'DUPath(_G_-ENTRY,gethttp-75744)', 'DUEdge(gethttp-75744,gethttp-126450)', '!LibCall(gethttp-75744)'}), 'DUPath(_G_-ENTRY,gethttp-126450)') which violates common clause hypothesis 1
[14:33:29] WARNING [root.<module>:127] Discovered clause ('DUPath21', frozenset({'!Assign(gethttp-75525)', '!LoopHead(gethttp-75525)', 'DUPath(_G_-ENTRY,gethttp-75525)', 'DUEdge(gethttp-75525,gethttp-126450)', '!Assume(gethttp-75525)', '!LibCall(gethttp-75525)'}), 'DUPath(_G_-ENTRY,gethttp-126450)') which violates common clause hypothesis 1
[14:33:29] WARNING [root.<module>:127] Discovered clause ('Alarm5', frozenset({'FX(_G_-ENTRY,cmd_directory_vector-124150)', 'DUPath(_G_-ENTRY,cmd_directory_vector-124150)'}), 'Alarm(_G_-ENTRY,cmd_directory_vector-124150)') which violates common clause hypothesis 1
[14:33:29] WARNING [root.<module>:127] Discovered clause ('DUPath21', frozenset({'!LoopHead(gethttp-75570)', '!LibCall(gethttp-75570)', '!Assign(gethttp-75570)', '!Assume(gethttp-75570)', 'DUEdge(gethttp-75570,gethttp-126486)', 'DUPath(_G_-ENTRY,gethttp-75570)'}), 'DUPath(_G_-ENTRY,gethttp-126486)') which violates common clause hypothesis 1
[14:33:29] WARNING [root.<module>:127] Discovered clause ('DUPath21', frozenset({'!LoopHead(gethttp-75528)', '!Assume(gethttp-75528)', 'DUEdge(gethttp-75528,gethttp-126395)', 'DUPath(_G_-ENTRY,gethttp-75528)', '!LibCall(gethttp-75528)', '!Assign(gethttp-75528)'}), 'DUPath(_G_-ENTRY,gethttp-126395)') which violates common clause hypothesis 1
[14:33:29] WARNING [root.<module>:127] Discovered clause ('DUPath21', frozenset({'!LibCall(gethttp-75381)', '!LoopHead(gethttp-75381)', 'DUPath(_G_-ENTRY,gethttp-75381)', '!Assign(gethttp-75381)', 'DUEdge(gethttp-75381,gethttp-EXIT)', '!Assume(gethttp-75381)'}), 'DUPath(_G_-ENTRY,gethttp-EXIT)') which violates common clause hypothesis 1
[14:33:29] WARNING [root.<module>:127] Discovered clause ('DUPath21', frozenset({'DUEdge(gethttp-75517,gethttp-126893)', 'DUPath(_G_-ENTRY,gethttp-75517)', '!Assign(gethttp-75517)', '!LibCall(gethttp-75517)', '!Assume(gethttp-75517)', '!LoopHead(gethttp-75517)'}), 'DUPath(_G_-ENTRY,gethttp-126893)') which violates common clause hypothesis 1
[14:33:29] WARNING [root.<module>:127] Discovered clause ('DUPath21', frozenset({'!LoopHead(gethttp-75560)', 'DUPath(_G_-ENTRY,gethttp-75560)', 'DUEdge(gethttp-75560,gethttp-75570)', '!Assume(gethttp-75560)', '!Assign(gethttp-75560)', '!LibCall(gethttp-75560)'}), 'DUPath(_G_-ENTRY,gethttp-75570)') which violates common clause hypothesis 1
[14:33:29] WARNING [root.<module>:127] Discovered clause ('Alarm5', frozenset({'DUPath(_G_-ENTRY,cmd_directory_vector-124156)', 'FX(_G_-ENTRY,cmd_directory_vector-124156)'}), 'Alarm(_G_-ENTRY,cmd_directory_vector-124156)') which violates common clause hypothesis 1
[14:33:29] WARNING [root.<module>:127] Discovered clause ('DUPath21', frozenset({'!Assign(gethttp-75525)', '!LoopHead(gethttp-75525)', 'DUEdge(gethttp-75525,gethttp-EXIT)', 'DUPath(_G_-ENTRY,gethttp-75525)', '!Assume(gethttp-75525)', '!LibCall(gethttp-75525)'}), 'DUPath(_G_-ENTRY,gethttp-EXIT)') which violates common clause hypothesis 1
[14:33:29] WARNING [root.<module>:127] Discovered clause ('DUPath21', frozenset({'DUPath(_G_-ENTRY,gethttp-75517)', '!Assign(gethttp-75517)', '!LibCall(gethttp-75517)', 'DUEdge(gethttp-75517,gethttp-126408)', '!Assume(gethttp-75517)', '!LoopHead(gethttp-75517)'}), 'DUPath(_G_-ENTRY,gethttp-126408)') which violates common clause hypothesis 1
[14:33:29] WARNING [root.<module>:127] Discovered clause ('DUPath21', frozenset({'!Assign(gethttp-75744)', '!Assume(gethttp-75744)', 'DUEdge(gethttp-75744,gethttp-126451)', '!LoopHead(gethttp-75744)', 'DUPath(_G_-ENTRY,gethttp-75744)', '!LibCall(gethttp-75744)'}), 'DUPath(_G_-ENTRY,gethttp-126451)') which violates common clause hypothesis 1
[14:33:29] WARNING [root.<module>:127] Discovered clause ('DUPath21', frozenset({'DUEdge(gethttp-75615,gethttp-75673)', '!LibCall(gethttp-75615)', '!Assume(gethttp-75615)', 'DUPath(_G_-ENTRY,gethttp-75615)', '!Assign(gethttp-75615)', '!LoopHead(gethttp-75615)'}), 'DUPath(_G_-ENTRY,gethttp-75673)') which violates common clause hypothesis 1
[14:33:29] WARNING [root.<module>:127] Discovered clause ('DUPath21', frozenset({'DUPath(_G_-ENTRY,gethttp-75517)', '!Assign(gethttp-75517)', 'DUEdge(gethttp-75517,gethttp-126450)', '!LibCall(gethttp-75517)', '!Assume(gethttp-75517)', '!LoopHead(gethttp-75517)'}), 'DUPath(_G_-ENTRY,gethttp-126450)') which violates common clause hypothesis 1
[14:33:29] WARNING [root.<module>:127] Discovered clause ('DUPath21', frozenset({'!Assign(gethttp-75744)', 'DUEdge(gethttp-75744,gethttp-75895)', '!Assume(gethttp-75744)', '!LoopHead(gethttp-75744)', 'DUPath(_G_-ENTRY,gethttp-75744)', '!LibCall(gethttp-75744)'}), 'DUPath(_G_-ENTRY,gethttp-75895)') which violates common clause hypothesis 1
[14:33:29] WARNING [root.<module>:127] Discovered clause ('Alarm5', frozenset({'FX(_G_-ENTRY,cmd_directory_vector-124149)', 'DUPath(_G_-ENTRY,cmd_directory_vector-124149)'}), 'Alarm(_G_-ENTRY,cmd_directory_vector-124149)') which violates common clause hypothesis 1
[14:33:29] WARNING [root.<module>:127] Discovered clause ('DUPath21', frozenset({'!LoopHead(gethttp-75570)', '!LibCall(gethttp-75570)', '!Assign(gethttp-75570)', '!Assume(gethttp-75570)', 'DUPath(_G_-ENTRY,gethttp-75570)', 'DUEdge(gethttp-75570,gethttp-126408)'}), 'DUPath(_G_-ENTRY,gethttp-126408)') which violates common clause hypothesis 1
[14:33:30] WARNING [root.<module>:127] Discovered clause ('DUPath21', frozenset({'!Assign(gethttp-75525)', '!LoopHead(gethttp-75525)', 'DUEdge(gethttp-75525,gethttp-126896)', 'DUPath(_G_-ENTRY,gethttp-75525)', '!Assume(gethttp-75525)', '!LibCall(gethttp-75525)'}), 'DUPath(_G_-ENTRY,gethttp-126896)') which violates common clause hypothesis 1
[14:33:30] WARNING [root.<module>:127] Discovered clause ('DUPath21', frozenset({'!Assign(gethttp-75525)', '!LoopHead(gethttp-75525)', 'DUEdge(gethttp-75525,gethttp-75570)', 'DUPath(_G_-ENTRY,gethttp-75525)', '!Assume(gethttp-75525)', '!LibCall(gethttp-75525)'}), 'DUPath(_G_-ENTRY,gethttp-75570)') which violates common clause hypothesis 1
[14:33:30] WARNING [root.<module>:127] Discovered clause ('DUPath21', frozenset({'!LoopHead(gethttp-75528)', 'DUEdge(gethttp-75528,gethttp-75570)', '!Assume(gethttp-75528)', 'DUPath(_G_-ENTRY,gethttp-75528)', '!LibCall(gethttp-75528)', '!Assign(gethttp-75528)'}), 'DUPath(_G_-ENTRY,gethttp-75570)') which violates common clause hypothesis 1
[14:33:30] WARNING [root.<module>:127] Discovered clause ('DUPath21', frozenset({'!LoopHead(gethttp-75479)', '!Assume(gethttp-75479)', 'DUEdge(gethttp-75479,gethttp-EXIT)', 'DUPath(_G_-ENTRY,gethttp-75479)', '!LibCall(gethttp-75479)', '!Assign(gethttp-75479)'}), 'DUPath(_G_-ENTRY,gethttp-EXIT)') which violates common clause hypothesis 1
[14:33:30] WARNING [root.<module>:127] Discovered clause ('DUPath21', frozenset({'!Assign(gethttp-75525)', '!LoopHead(gethttp-75525)', 'DUEdge(gethttp-75525,gethttp-126408)', 'DUPath(_G_-ENTRY,gethttp-75525)', '!Assume(gethttp-75525)', '!LibCall(gethttp-75525)'}), 'DUPath(_G_-ENTRY,gethttp-126408)') which violates common clause hypothesis 1
[14:33:30] WARNING [root.<module>:127] Discovered clause ('DUPath21', frozenset({'!LoopHead(gethttp-75570)', '!LibCall(gethttp-75570)', '!Assign(gethttp-75570)', '!Assume(gethttp-75570)', 'DUPath(_G_-ENTRY,gethttp-75570)', 'DUEdge(gethttp-75570,gethttp-126406)'}), 'DUPath(_G_-ENTRY,gethttp-126406)') which violates common clause hypothesis 1
[14:33:30] WARNING [root.<module>:127] Discovered clause ('DUPath21', frozenset({'!LoopHead(gethttp-75570)', 'DUEdge(gethttp-75570,gethttp-EXIT)', '!LibCall(gethttp-75570)', '!Assign(gethttp-75570)', '!Assume(gethttp-75570)', 'DUPath(_G_-ENTRY,gethttp-75570)'}), 'DUPath(_G_-ENTRY,gethttp-EXIT)') which violates common clause hypothesis 1
[14:33:30] WARNING [root.<module>:127] Discovered clause ('DUPath21', frozenset({'!Assign(gethttp-75744)', '!Assume(gethttp-75744)', 'DUEdge(gethttp-75744,gethttp-EXIT)', '!LoopHead(gethttp-75744)', 'DUPath(_G_-ENTRY,gethttp-75744)', '!LibCall(gethttp-75744)'}), 'DUPath(_G_-ENTRY,gethttp-EXIT)') which violates common clause hypothesis 1
[14:33:30] WARNING [root.<module>:127] Discovered clause ('DUPath21', frozenset({'DUPath(_G_-ENTRY,gethttp-75517)', '!Assign(gethttp-75517)', '!LibCall(gethttp-75517)', 'DUEdge(gethttp-75517,gethttp-75525)', '!Assume(gethttp-75517)', '!LoopHead(gethttp-75517)'}), 'DUPath(_G_-ENTRY,gethttp-75525)') which violates common clause hypothesis 1
[14:33:30] WARNING [root.<module>:127] Discovered clause ('DUPath21', frozenset({'!LibCall(gethttp-75615)', '!Assume(gethttp-75615)', 'DUPath(_G_-ENTRY,gethttp-75615)', '!Assign(gethttp-75615)', '!LoopHead(gethttp-75615)', 'DUEdge(gethttp-75615,gethttp-EXIT)'}), 'DUPath(_G_-ENTRY,gethttp-EXIT)') which violates common clause hypothesis 1
[14:33:30] WARNING [root.<module>:127] Discovered clause ('DUPath21', frozenset({'!LoopHead(gethttp-75570)', '!LibCall(gethttp-75570)', '!Assign(gethttp-75570)', 'DUEdge(gethttp-75570,gethttp-126450)', '!Assume(gethttp-75570)', 'DUPath(_G_-ENTRY,gethttp-75570)'}), 'DUPath(_G_-ENTRY,gethttp-126450)') which violates common clause hypothesis 1
[14:33:30] WARNING [root.<module>:127] Discovered clause ('DUPath21', frozenset({'!Assign(gethttp-75648)', 'DUPath(_G_-ENTRY,gethttp-75648)', '!LoopHead(gethttp-75648)', '!Assume(gethttp-75648)', 'DUEdge(gethttp-75648,gethttp-75673)', '!LibCall(gethttp-75648)'}), 'DUPath(_G_-ENTRY,gethttp-75673)') which violates common clause hypothesis 1
[14:33:30] WARNING [root.<module>:127] Discovered clause ('DUPath21', frozenset({'DUEdge(gethttp-75517,gethttp-126486)', 'DUPath(_G_-ENTRY,gethttp-75517)', '!Assign(gethttp-75517)', '!LibCall(gethttp-75517)', '!Assume(gethttp-75517)', '!LoopHead(gethttp-75517)'}), 'DUPath(_G_-ENTRY,gethttp-126486)') which violates common clause hypothesis 1
[14:33:30] WARNING [root.<module>:127] Discovered clause ('DUPath21', frozenset({'!LoopHead(gethttp-75560)', 'DUPath(_G_-ENTRY,gethttp-75560)', '!Assume(gethttp-75560)', '!Assign(gethttp-75560)', 'DUEdge(gethttp-75560,gethttp-126402)', '!LibCall(gethttp-75560)'}), 'DUPath(_G_-ENTRY,gethttp-126402)') which violates common clause hypothesis 1
[14:33:30] WARNING [root.<module>:127] Discovered clause ('DUPath21', frozenset({'!LoopHead(gethttp-75698)', '!Assume(gethttp-75698)', 'DUPath(_G_-ENTRY,gethttp-75698)', '!LibCall(gethttp-75698)', 'DUEdge(gethttp-75698,gethttp-EXIT)', '!Assign(gethttp-75698)'}), 'DUPath(_G_-ENTRY,gethttp-EXIT)') which violates common clause hypothesis 1
[14:33:30] WARNING [root.<module>:127] Discovered clause ('DUPath21', frozenset({'!LibCall(gethttp-75615)', '!Assume(gethttp-75615)', 'DUPath(_G_-ENTRY,gethttp-75615)', '!Assign(gethttp-75615)', '!LoopHead(gethttp-75615)', 'DUEdge(gethttp-75615,gethttp-126421)'}), 'DUPath(_G_-ENTRY,gethttp-126421)') which violates common clause hypothesis 1
bingo/mb-eps.py:136: DeprecationWarning: The 'warn' function is deprecated, use 'warning' instead
  logging.warn('Discovered clause {} which violates common clause hypothesis 2'.format(clause))
[14:33:30] WARNING [root.<module>:136] Discovered clause ('DUPath21', frozenset({'!LoopHead(gethttp-75570)', '!LibCall(gethttp-75570)', '!Assign(gethttp-75570)', '!Assume(gethttp-75570)', 'DUEdge(gethttp-75570,gethttp-75576)', 'DUPath(_G_-ENTRY,gethttp-75570)'}), 'DUPath(_G_-ENTRY,gethttp-75576)') which violates common clause hypothesis 2
[14:33:30] WARNING [root.<module>:136] Discovered clause ('DUPath21', frozenset({'!Assign(gethttp-75525)', '!LoopHead(gethttp-75525)', 'DUEdge(gethttp-75525,gethttp-126486)', 'DUPath(_G_-ENTRY,gethttp-75525)', '!Assume(gethttp-75525)', '!LibCall(gethttp-75525)'}), 'DUPath(_G_-ENTRY,gethttp-126486)') which violates common clause hypothesis 2
[14:33:30] WARNING [root.<module>:136] Discovered clause ('DUPath21', frozenset({'DUEdge(gethttp-75517,gethttp-EXIT)', 'DUPath(_G_-ENTRY,gethttp-75517)', '!Assign(gethttp-75517)', '!LibCall(gethttp-75517)', '!Assume(gethttp-75517)', '!LoopHead(gethttp-75517)'}), 'DUPath(_G_-ENTRY,gethttp-EXIT)') which violates common clause hypothesis 2
[14:33:30] WARNING [root.<module>:136] Discovered clause ('DUPath21', frozenset({'!Assign(gethttp-75744)', '!Assume(gethttp-75744)', '!LoopHead(gethttp-75744)', 'DUPath(_G_-ENTRY,gethttp-75744)', 'DUEdge(gethttp-75744,gethttp-126450)', '!LibCall(gethttp-75744)'}), 'DUPath(_G_-ENTRY,gethttp-126450)') which violates common clause hypothesis 2
[14:33:30] WARNING [root.<module>:136] Discovered clause ('DUPath21', frozenset({'!Assign(gethttp-75525)', '!LoopHead(gethttp-75525)', 'DUPath(_G_-ENTRY,gethttp-75525)', 'DUEdge(gethttp-75525,gethttp-126450)', '!Assume(gethttp-75525)', '!LibCall(gethttp-75525)'}), 'DUPath(_G_-ENTRY,gethttp-126450)') which violates common clause hypothesis 2
[14:33:30] WARNING [root.<module>:136] Discovered clause ('Alarm5', frozenset({'FX(_G_-ENTRY,cmd_directory_vector-124150)', 'DUPath(_G_-ENTRY,cmd_directory_vector-124150)'}), 'Alarm(_G_-ENTRY,cmd_directory_vector-124150)') which violates common clause hypothesis 2
[14:33:30] WARNING [root.<module>:136] Discovered clause ('DUPath21', frozenset({'!LoopHead(gethttp-75570)', '!LibCall(gethttp-75570)', '!Assign(gethttp-75570)', '!Assume(gethttp-75570)', 'DUEdge(gethttp-75570,gethttp-126486)', 'DUPath(_G_-ENTRY,gethttp-75570)'}), 'DUPath(_G_-ENTRY,gethttp-126486)') which violates common clause hypothesis 2
[14:33:30] WARNING [root.<module>:136] Discovered clause ('DUPath21', frozenset({'!LoopHead(gethttp-75528)', '!Assume(gethttp-75528)', 'DUEdge(gethttp-75528,gethttp-126395)', 'DUPath(_G_-ENTRY,gethttp-75528)', '!LibCall(gethttp-75528)', '!Assign(gethttp-75528)'}), 'DUPath(_G_-ENTRY,gethttp-126395)') which violates common clause hypothesis 2
[14:33:30] WARNING [root.<module>:136] Discovered clause ('DUPath21', frozenset({'!LibCall(gethttp-75381)', '!LoopHead(gethttp-75381)', 'DUPath(_G_-ENTRY,gethttp-75381)', '!Assign(gethttp-75381)', 'DUEdge(gethttp-75381,gethttp-EXIT)', '!Assume(gethttp-75381)'}), 'DUPath(_G_-ENTRY,gethttp-EXIT)') which violates common clause hypothesis 2
[14:33:30] WARNING [root.<module>:136] Discovered clause ('DUPath21', frozenset({'DUEdge(gethttp-75517,gethttp-126893)', 'DUPath(_G_-ENTRY,gethttp-75517)', '!Assign(gethttp-75517)', '!LibCall(gethttp-75517)', '!Assume(gethttp-75517)', '!LoopHead(gethttp-75517)'}), 'DUPath(_G_-ENTRY,gethttp-126893)') which violates common clause hypothesis 2
[14:33:30] WARNING [root.<module>:136] Discovered clause ('DUPath21', frozenset({'!LoopHead(gethttp-75560)', 'DUPath(_G_-ENTRY,gethttp-75560)', 'DUEdge(gethttp-75560,gethttp-75570)', '!Assume(gethttp-75560)', '!Assign(gethttp-75560)', '!LibCall(gethttp-75560)'}), 'DUPath(_G_-ENTRY,gethttp-75570)') which violates common clause hypothesis 2
[14:33:30] WARNING [root.<module>:136] Discovered clause ('Alarm5', frozenset({'DUPath(_G_-ENTRY,cmd_directory_vector-124156)', 'FX(_G_-ENTRY,cmd_directory_vector-124156)'}), 'Alarm(_G_-ENTRY,cmd_directory_vector-124156)') which violates common clause hypothesis 2
[14:33:30] WARNING [root.<module>:136] Discovered clause ('DUPath21', frozenset({'!Assign(gethttp-75525)', '!LoopHead(gethttp-75525)', 'DUEdge(gethttp-75525,gethttp-EXIT)', 'DUPath(_G_-ENTRY,gethttp-75525)', '!Assume(gethttp-75525)', '!LibCall(gethttp-75525)'}), 'DUPath(_G_-ENTRY,gethttp-EXIT)') which violates common clause hypothesis 2
[14:33:30] WARNING [root.<module>:136] Discovered clause ('DUPath21', frozenset({'DUPath(_G_-ENTRY,gethttp-75517)', '!Assign(gethttp-75517)', '!LibCall(gethttp-75517)', 'DUEdge(gethttp-75517,gethttp-126408)', '!Assume(gethttp-75517)', '!LoopHead(gethttp-75517)'}), 'DUPath(_G_-ENTRY,gethttp-126408)') which violates common clause hypothesis 2
[14:33:30] WARNING [root.<module>:136] Discovered clause ('DUPath21', frozenset({'!Assign(gethttp-75744)', '!Assume(gethttp-75744)', 'DUEdge(gethttp-75744,gethttp-126451)', '!LoopHead(gethttp-75744)', 'DUPath(_G_-ENTRY,gethttp-75744)', '!LibCall(gethttp-75744)'}), 'DUPath(_G_-ENTRY,gethttp-126451)') which violates common clause hypothesis 2
[14:33:30] WARNING [root.<module>:136] Discovered clause ('DUPath21', frozenset({'DUEdge(gethttp-75615,gethttp-75673)', '!LibCall(gethttp-75615)', '!Assume(gethttp-75615)', 'DUPath(_G_-ENTRY,gethttp-75615)', '!Assign(gethttp-75615)', '!LoopHead(gethttp-75615)'}), 'DUPath(_G_-ENTRY,gethttp-75673)') which violates common clause hypothesis 2
[14:33:30] WARNING [root.<module>:136] Discovered clause ('DUPath21', frozenset({'DUPath(_G_-ENTRY,gethttp-75517)', '!Assign(gethttp-75517)', 'DUEdge(gethttp-75517,gethttp-126450)', '!LibCall(gethttp-75517)', '!Assume(gethttp-75517)', '!LoopHead(gethttp-75517)'}), 'DUPath(_G_-ENTRY,gethttp-126450)') which violates common clause hypothesis 2
[14:33:30] WARNING [root.<module>:136] Discovered clause ('DUPath21', frozenset({'!Assign(gethttp-75744)', 'DUEdge(gethttp-75744,gethttp-75895)', '!Assume(gethttp-75744)', '!LoopHead(gethttp-75744)', 'DUPath(_G_-ENTRY,gethttp-75744)', '!LibCall(gethttp-75744)'}), 'DUPath(_G_-ENTRY,gethttp-75895)') which violates common clause hypothesis 2
[14:33:30] WARNING [root.<module>:136] Discovered clause ('Alarm5', frozenset({'FX(_G_-ENTRY,cmd_directory_vector-124149)', 'DUPath(_G_-ENTRY,cmd_directory_vector-124149)'}), 'Alarm(_G_-ENTRY,cmd_directory_vector-124149)') which violates common clause hypothesis 2
[14:33:30] WARNING [root.<module>:136] Discovered clause ('DUPath21', frozenset({'!LoopHead(gethttp-75570)', '!LibCall(gethttp-75570)', '!Assign(gethttp-75570)', '!Assume(gethttp-75570)', 'DUPath(_G_-ENTRY,gethttp-75570)', 'DUEdge(gethttp-75570,gethttp-126408)'}), 'DUPath(_G_-ENTRY,gethttp-126408)') which violates common clause hypothesis 2
[14:33:30] WARNING [root.<module>:136] Discovered clause ('DUPath21', frozenset({'!Assign(gethttp-75525)', '!LoopHead(gethttp-75525)', 'DUEdge(gethttp-75525,gethttp-126896)', 'DUPath(_G_-ENTRY,gethttp-75525)', '!Assume(gethttp-75525)', '!LibCall(gethttp-75525)'}), 'DUPath(_G_-ENTRY,gethttp-126896)') which violates common clause hypothesis 2
[14:33:30] WARNING [root.<module>:136] Discovered clause ('DUPath21', frozenset({'!Assign(gethttp-75525)', '!LoopHead(gethttp-75525)', 'DUEdge(gethttp-75525,gethttp-75570)', 'DUPath(_G_-ENTRY,gethttp-75525)', '!Assume(gethttp-75525)', '!LibCall(gethttp-75525)'}), 'DUPath(_G_-ENTRY,gethttp-75570)') which violates common clause hypothesis 2
[14:33:30] WARNING [root.<module>:136] Discovered clause ('DUPath21', frozenset({'!LoopHead(gethttp-75528)', 'DUEdge(gethttp-75528,gethttp-75570)', '!Assume(gethttp-75528)', 'DUPath(_G_-ENTRY,gethttp-75528)', '!LibCall(gethttp-75528)', '!Assign(gethttp-75528)'}), 'DUPath(_G_-ENTRY,gethttp-75570)') which violates common clause hypothesis 2
[14:33:30] WARNING [root.<module>:136] Discovered clause ('DUPath21', frozenset({'!LoopHead(gethttp-75479)', '!Assume(gethttp-75479)', 'DUEdge(gethttp-75479,gethttp-EXIT)', 'DUPath(_G_-ENTRY,gethttp-75479)', '!LibCall(gethttp-75479)', '!Assign(gethttp-75479)'}), 'DUPath(_G_-ENTRY,gethttp-EXIT)') which violates common clause hypothesis 2
[14:33:30] WARNING [root.<module>:136] Discovered clause ('DUPath21', frozenset({'!Assign(gethttp-75525)', '!LoopHead(gethttp-75525)', 'DUEdge(gethttp-75525,gethttp-126408)', 'DUPath(_G_-ENTRY,gethttp-75525)', '!Assume(gethttp-75525)', '!LibCall(gethttp-75525)'}), 'DUPath(_G_-ENTRY,gethttp-126408)') which violates common clause hypothesis 2
[14:33:30] WARNING [root.<module>:136] Discovered clause ('DUPath21', frozenset({'!LoopHead(gethttp-75570)', '!LibCall(gethttp-75570)', '!Assign(gethttp-75570)', '!Assume(gethttp-75570)', 'DUPath(_G_-ENTRY,gethttp-75570)', 'DUEdge(gethttp-75570,gethttp-126406)'}), 'DUPath(_G_-ENTRY,gethttp-126406)') which violates common clause hypothesis 2
[14:33:30] WARNING [root.<module>:136] Discovered clause ('DUPath21', frozenset({'!LoopHead(gethttp-75570)', 'DUEdge(gethttp-75570,gethttp-EXIT)', '!LibCall(gethttp-75570)', '!Assign(gethttp-75570)', '!Assume(gethttp-75570)', 'DUPath(_G_-ENTRY,gethttp-75570)'}), 'DUPath(_G_-ENTRY,gethttp-EXIT)') which violates common clause hypothesis 2
[14:33:30] WARNING [root.<module>:136] Discovered clause ('DUPath21', frozenset({'!Assign(gethttp-75744)', '!Assume(gethttp-75744)', 'DUEdge(gethttp-75744,gethttp-EXIT)', '!LoopHead(gethttp-75744)', 'DUPath(_G_-ENTRY,gethttp-75744)', '!LibCall(gethttp-75744)'}), 'DUPath(_G_-ENTRY,gethttp-EXIT)') which violates common clause hypothesis 2
[14:33:30] WARNING [root.<module>:136] Discovered clause ('DUPath21', frozenset({'DUPath(_G_-ENTRY,gethttp-75517)', '!Assign(gethttp-75517)', '!LibCall(gethttp-75517)', 'DUEdge(gethttp-75517,gethttp-75525)', '!Assume(gethttp-75517)', '!LoopHead(gethttp-75517)'}), 'DUPath(_G_-ENTRY,gethttp-75525)') which violates common clause hypothesis 2
[14:33:30] WARNING [root.<module>:136] Discovered clause ('DUPath21', frozenset({'!LibCall(gethttp-75615)', '!Assume(gethttp-75615)', 'DUPath(_G_-ENTRY,gethttp-75615)', '!Assign(gethttp-75615)', '!LoopHead(gethttp-75615)', 'DUEdge(gethttp-75615,gethttp-EXIT)'}), 'DUPath(_G_-ENTRY,gethttp-EXIT)') which violates common clause hypothesis 2
[14:33:30] WARNING [root.<module>:136] Discovered clause ('DUPath21', frozenset({'!LoopHead(gethttp-75570)', '!LibCall(gethttp-75570)', '!Assign(gethttp-75570)', 'DUEdge(gethttp-75570,gethttp-126450)', '!Assume(gethttp-75570)', 'DUPath(_G_-ENTRY,gethttp-75570)'}), 'DUPath(_G_-ENTRY,gethttp-126450)') which violates common clause hypothesis 2
[14:33:30] WARNING [root.<module>:136] Discovered clause ('DUPath21', frozenset({'!Assign(gethttp-75648)', 'DUPath(_G_-ENTRY,gethttp-75648)', '!LoopHead(gethttp-75648)', '!Assume(gethttp-75648)', 'DUEdge(gethttp-75648,gethttp-75673)', '!LibCall(gethttp-75648)'}), 'DUPath(_G_-ENTRY,gethttp-75673)') which violates common clause hypothesis 2
[14:33:30] WARNING [root.<module>:136] Discovered clause ('DUPath21', frozenset({'DUEdge(gethttp-75517,gethttp-126486)', 'DUPath(_G_-ENTRY,gethttp-75517)', '!Assign(gethttp-75517)', '!LibCall(gethttp-75517)', '!Assume(gethttp-75517)', '!LoopHead(gethttp-75517)'}), 'DUPath(_G_-ENTRY,gethttp-126486)') which violates common clause hypothesis 2
[14:33:30] WARNING [root.<module>:136] Discovered clause ('DUPath21', frozenset({'!LoopHead(gethttp-75560)', 'DUPath(_G_-ENTRY,gethttp-75560)', '!Assume(gethttp-75560)', '!Assign(gethttp-75560)', 'DUEdge(gethttp-75560,gethttp-126402)', '!LibCall(gethttp-75560)'}), 'DUPath(_G_-ENTRY,gethttp-126402)') which violates common clause hypothesis 2
[14:33:30] WARNING [root.<module>:136] Discovered clause ('DUPath21', frozenset({'!LoopHead(gethttp-75698)', '!Assume(gethttp-75698)', 'DUPath(_G_-ENTRY,gethttp-75698)', '!LibCall(gethttp-75698)', 'DUEdge(gethttp-75698,gethttp-EXIT)', '!Assign(gethttp-75698)'}), 'DUPath(_G_-ENTRY,gethttp-EXIT)') which violates common clause hypothesis 2
[14:33:30] WARNING [root.<module>:136] Discovered clause ('DUPath21', frozenset({'!LibCall(gethttp-75615)', '!Assume(gethttp-75615)', 'DUPath(_G_-ENTRY,gethttp-75615)', '!Assign(gethttp-75615)', '!LoopHead(gethttp-75615)', 'DUEdge(gethttp-75615,gethttp-126421)'}), 'DUPath(_G_-ENTRY,gethttp-126421)') which violates common clause hypothesis 2
[14:33:41] INFO [root.<module>:203] Printing all EDB tuples to benchmark/wget-1.12/sparrow-out/interval/merged_bnet_0.001/AllEDB.txt
[14:33:43] INFO [root.<module>:248] Bye!
SemAllAlarm.txt contains the same new tuples as SemAllAlarm.txt.ukd. Good-good!
Finished merging constraints (86 sec)
Step 3: Building Bayesian Network
Finished building Bayeisan network (48 sec)
Step 4: Executing Interaction
